<?xml version="1.0" encoding="UTF-8"?>
<!-- Generated by org.testng.reporters.JUnitReportReporter -->
<testsuite hostname="SreeLaptop" failures="0" tests="1" name="StreamsClass" time="0.017" errors="0" timestamp="2024-07-26T12:43:26 GMT-04:00" skipped="0">
  <testcase classname="StreamsClass" name="sorting" time="0.017"/>
  <system-out/>
</testsuite> <!-- StreamsClass -->
